[2m20:57:05[22m [31m[1m[vite][22m[39m [31mws proxy error:[39m
Error: read ECONNRESET
    at TCP.onStreamRead (node:internal/stream_base_commons:216:20)
[2m20:57:06[22m [31m[1m[vite][22m[39m [31mhttp proxy error: /socket.io/?EIO=4&transport=polling&t=s720ph7w[39m
AggregateError [ECONNREFUSED]: 
    at internalConnectMultiple (node:net:1142:49)
    at afterConnectMultiple (node:net:1723:7)
[2m20:57:08[22m [31m[1m[vite][22m[39m [31mhttp proxy error: /socket.io/?EIO=4&transport=polling&t=s73j9687[39m
AggregateError [ECONNREFUSED]: 
    at internalConnectMultiple (node:net:1142:49)
    at afterConnectMultiple (node:net:1723:7)
[2m20:57:12[22m [31m[1m[vite][22m[39m [31mhttp proxy error: /socket.io/?EIO=4&transport=polling&t=s769th6s[39m
AggregateError [ECONNREFUSED]: 
    at internalConnectMultiple (node:net:1142:49)
    at afterConnectMultiple (node:net:1723:7)
[2m20:57:14[22m [31m[1m[vite][22m[39m [31mhttp proxy error: /api/users/capacity[39m
AggregateError [ECONNREFUSED]: 
    at internalConnectMultiple (node:net:1142:49)
    at afterConnectMultiple (node:net:1723:7)
[2m20:57:18[22m [31m[1m[vite][22m[39m [31mws proxy error:[39m
Error: read ECONNRESET
    at TCP.onStreamRead (node:internal/stream_base_commons:216:20)
[2m20:57:19[22m [31m[1m[vite][22m[39m [31mhttp proxy error: /socket.io/?EIO=4&transport=polling&t=s7bo85wz[39m
AggregateError [ECONNREFUSED]: 
    at internalConnectMultiple (node:net:1142:49)
    at afterConnectMultiple (node:net:1723:7)
[2m20:57:21[22m [31m[1m[vite][22m[39m [31mhttp proxy error: /socket.io/?EIO=4&transport=polling&t=s7d75nm4[39m
AggregateError [ECONNREFUSED]: 
    at internalConnectMultiple (node:net:1142:49)
    at afterConnectMultiple (node:net:1723:7)
[2m20:57:26[22m [31m[1m[vite][22m[39m [31mws proxy error:[39m
Error: read ECONNRESET
    at TCP.onStreamRead (node:internal/stream_base_commons:216:20)
[2m20:57:28[22m [31m[1m[vite][22m[39m [31mhttp proxy error: /socket.io/?EIO=4&transport=polling&t=s7io0lfh[39m
AggregateError [ECONNREFUSED]: 
    at internalConnectMultiple (node:net:1142:49)
    at afterConnectMultiple (node:net:1723:7)
[2m20:57:31[22m [31m[1m[vite][22m[39m [31mhttp proxy error: /socket.io/?EIO=4&transport=polling&t=s7kz8kee[39m
AggregateError [ECONNREFUSED]: 
    at internalConnectMultiple (node:net:1142:49)
    at afterConnectMultiple (node:net:1723:7)
[2m20:57:44[22m [31m[1m[vite][22m[39m [31mhttp proxy error: /api/users/capacity[39m
Error: read ECONNRESET
    at TCP.onStreamRead (node:internal/stream_base_commons:216:20)
[2m20:57:44[22m [31m[1m[vite][22m[39m [31mws proxy error:[39m
Error: read ECONNRESET
    at TCP.onStreamRead (node:internal/stream_base_commons:216:20)
[2m20:57:45[22m [31m[1m[vite][22m[39m [31mhttp proxy error: /socket.io/?EIO=4&transport=polling&t=s7vvhlv9[39m
AggregateError [ECONNREFUSED]: 
    at internalConnectMultiple (node:net:1142:49)
    at afterConnectMultiple (node:net:1723:7)
[2m20:57:47[22m [31m[1m[vite][22m[39m [31mhttp proxy error: /socket.io/?EIO=4&transport=polling&t=s7xbj2np[39m
AggregateError [ECONNREFUSED]: 
    at internalConnectMultiple (node:net:1142:49)
    at afterConnectMultiple (node:net:1723:7)
[2m20:57:50[22m [31m[1m[vite][22m[39m [31mhttp proxy error: /socket.io/?EIO=4&transport=polling&t=s7zmsf85[39m
AggregateError [ECONNREFUSED]: 
    at internalConnectMultiple (node:net:1142:49)
    at afterConnectMultiple (node:net:1723:7)
[2m20:58:17[22m [31m[1m[vite][22m[39m [31mws proxy error:[39m
Error: read ECONNRESET
    at TCP.onStreamRead (node:internal/stream_base_commons:216:20)
[2m20:58:19[22m [31m[1m[vite][22m[39m [31mhttp proxy error: /socket.io/?EIO=4&transport=polling&t=s8m0i0ux[39m
AggregateError [ECONNREFUSED]: 
    at internalConnectMultiple (node:net:1142:49)
    at afterConnectMultiple (node:net:1723:7)
[2m23:56:09[22m [31m[1m[vite][22m[39m [31mws proxy error:[39m
Error: read ECONNRESET
    at TCP.onStreamRead (node:internal/stream_base_commons:216:20)
[2m23:56:10[22m [31m[1m[vite][22m[39m [31mhttp proxy error: /socket.io/?EIO=4&transport=polling&t=ylbvxu9u[39m
AggregateError [ECONNREFUSED]: 
    at internalConnectMultiple (node:net:1142:49)
    at afterConnectMultiple (node:net:1723:7)
[2m23:56:13[22m [31m[1m[vite][22m[39m [31mhttp proxy error: /socket.io/?EIO=4&transport=polling&t=yle6z7ul[39m
AggregateError [ECONNREFUSED]: 
    at internalConnectMultiple (node:net:1142:49)
    at afterConnectMultiple (node:net:1723:7)
[2m23:56:27[22m [31m[1m[vite][22m[39m [31mws proxy error:[39m
Error: read ECONNRESET
    at TCP.onStreamRead (node:internal/stream_base_commons:216:20)
[2m23:56:28[22m [31m[1m[vite][22m[39m [31mhttp proxy error: /socket.io/?EIO=4&transport=polling&t=ylps3889[39m
AggregateError [ECONNREFUSED]: 
    at internalConnectMultiple (node:net:1142:49)
    at afterConnectMultiple (node:net:1723:7)
[2m23:56:31[22m [31m[1m[vite][22m[39m [31mhttp proxy error: /socket.io/?EIO=4&transport=polling&t=yls3bqxb[39m
AggregateError [ECONNREFUSED]: 
    at internalConnectMultiple (node:net:1142:49)
    at afterConnectMultiple (node:net:1723:7)
[2m23:56:42[22m [31m[1m[vite][22m[39m [31mws proxy error:[39m
Error: read ECONNRESET
    at TCP.onStreamRead (node:internal/stream_base_commons:216:20)
[2m23:56:44[22m [31m[1m[vite][22m[39m [31mhttp proxy error: /socket.io/?EIO=4&transport=polling&t=ym24etxq[39m
AggregateError [ECONNREFUSED]: 
    at internalConnectMultiple (node:net:1142:49)
    at afterConnectMultiple (node:net:1723:7)
[2m23:56:47[22m [31m[1m[vite][22m[39m [31mhttp proxy error: /socket.io/?EIO=4&transport=polling&t=ym4fegg2[39m
AggregateError [ECONNREFUSED]: 
    at internalConnectMultiple (node:net:1142:49)
    at afterConnectMultiple (node:net:1723:7)
[2m00:01:50[22m [31m[1m[vite][22m[39m [31mws proxy error:[39m
Error: read ECONNRESET
    at TCP.onStreamRead (node:internal/stream_base_commons:216:20)
[2m00:01:51[22m [31m[1m[vite][22m[39m [31mhttp proxy error: /socket.io/?EIO=4&transport=polling&t=ysn1b0f5[39m
AggregateError [ECONNREFUSED]: 
    at internalConnectMultiple (node:net:1142:49)
    at afterConnectMultiple (node:net:1723:7)
[2m00:01:54[22m [31m[1m[vite][22m[39m [31mhttp proxy error: /socket.io/?EIO=4&transport=polling&t=yspbetm4[39m
AggregateError [ECONNREFUSED]: 
    at internalConnectMultiple (node:net:1142:49)
    at afterConnectMultiple (node:net:1723:7)
[2m00:02:00[22m [31m[1m[vite][22m[39m [31mhttp proxy error: /socket.io/?EIO=4&transport=polling&t=ysty7i01[39m
AggregateError [ECONNREFUSED]: 
    at internalConnectMultiple (node:net:1142:49)
    at afterConnectMultiple (node:net:1723:7)
[2m00:02:18[22m [31m[1m[vite][22m[39m [31mws proxy error:[39m
Error: read ECONNRESET
    at TCP.onStreamRead (node:internal/stream_base_commons:216:20)
[2m00:02:20[22m [31m[1m[vite][22m[39m [31mhttp proxy error: /socket.io/?EIO=4&transport=polling&t=yt9dlclk[39m
AggregateError [ECONNREFUSED]: 
    at internalConnectMultiple (node:net:1142:49)
    at afterConnectMultiple (node:net:1723:7)
[2m00:02:23[22m [31m[1m[vite][22m[39m [31mhttp proxy error: /socket.io/?EIO=4&transport=polling&t=ytbozj79[39m
AggregateError [ECONNREFUSED]: 
    at internalConnectMultiple (node:net:1142:49)
    at afterConnectMultiple (node:net:1723:7)
[2m00:03:16[22m [31m[1m[vite][22m[39m [31mws proxy error:[39m
Error: read ECONNRESET
    at TCP.onStreamRead (node:internal/stream_base_commons:216:20)
[2m00:03:18[22m [31m[1m[vite][22m[39m [31mhttp proxy error: /socket.io/?EIO=4&transport=polling&t=yui4kdol[39m
AggregateError [ECONNREFUSED]: 
    at internalConnectMultiple (node:net:1142:49)
    at afterConnectMultiple (node:net:1723:7)
[2m00:03:21[22m [31m[1m[vite][22m[39m [31mhttp proxy error: /socket.io/?EIO=4&transport=polling&t=yukg18cl[39m
AggregateError [ECONNREFUSED]: 
    at internalConnectMultiple (node:net:1142:49)
    at afterConnectMultiple (node:net:1723:7)
[2m00:03:34[22m [31m[1m[vite][22m[39m [31mws proxy error:[39m
Error: read ECONNRESET
    at TCP.onStreamRead (node:internal/stream_base_commons:216:20)
[2m00:03:36[22m [31m[1m[vite][22m[39m [31mhttp proxy error: /socket.io/?EIO=4&transport=polling&t=yuw0r0j7[39m
AggregateError [ECONNREFUSED]: 
    at internalConnectMultiple (node:net:1142:49)
    at afterConnectMultiple (node:net:1723:7)
[2m00:03:39[22m [31m[1m[vite][22m[39m [31mhttp proxy error: /socket.io/?EIO=4&transport=polling&t=yuycahkc[39m
AggregateError [ECONNREFUSED]: 
    at internalConnectMultiple (node:net:1142:49)
    at afterConnectMultiple (node:net:1723:7)
[2m00:09:20[22m [31m[1m[vite][22m[39m [31mws proxy error:[39m
Error: read ECONNRESET
    at TCP.onStreamRead (node:internal/stream_base_commons:216:20)
[2m00:09:21[22m [31m[1m[vite][22m[39m [31mhttp proxy error: /socket.io/?EIO=4&transport=polling&t=z2a82j71[39m
AggregateError [ECONNREFUSED]: 
    at internalConnectMultiple (node:net:1142:49)
    at afterConnectMultiple (node:net:1723:7)
[2m00:09:23[22m [31m[1m[vite][22m[39m [31mhttp proxy error: /socket.io/?EIO=4&transport=polling&t=z2brnz9n[39m
AggregateError [ECONNREFUSED]: 
    at internalConnectMultiple (node:net:1142:49)
    at afterConnectMultiple (node:net:1723:7)
[2m00:09:39[22m [31m[1m[vite][22m[39m [31mws proxy error:[39m
Error: read ECONNRESET
    at TCP.onStreamRead (node:internal/stream_base_commons:216:20)
[2m00:09:41[22m [31m[1m[vite][22m[39m [31mhttp proxy error: /socket.io/?EIO=4&transport=polling&t=z2poc77w[39m
AggregateError [ECONNREFUSED]: 
    at internalConnectMultiple (node:net:1142:49)
    at afterConnectMultiple (node:net:1723:7)
[2m00:09:43[22m [31m[1m[vite][22m[39m [31mhttp proxy error: /socket.io/?EIO=4&transport=polling&t=z2r70j4y[39m
AggregateError [ECONNREFUSED]: 
    at internalConnectMultiple (node:net:1142:49)
    at afterConnectMultiple (node:net:1723:7)
[2m00:13:09[22m [31m[1m[vite][22m[39m [31mws proxy error:[39m
Error: read ECONNRESET
    at TCP.onStreamRead (node:internal/stream_base_commons:216:20)
[2m00:13:11[22m [31m[1m[vite][22m[39m [31mhttp proxy error: /socket.io/?EIO=4&transport=polling&t=z77p3c26[39m
AggregateError [ECONNREFUSED]: 
    at internalConnectMultiple (node:net:1142:49)
    at afterConnectMultiple (node:net:1723:7)
[2m00:13:13[22m [31m[1m[vite][22m[39m [31mhttp proxy error: /socket.io/?EIO=4&transport=polling&t=z798mhr9[39m
AggregateError [ECONNREFUSED]: 
    at internalConnectMultiple (node:net:1142:49)
    at afterConnectMultiple (node:net:1723:7)
[2m00:13:41[22m [31m[1m[vite][22m[39m [31mws proxy error:[39m
Error: read ECONNRESET
    at TCP.onStreamRead (node:internal/stream_base_commons:216:20)
[2m00:13:42[22m [31m[1m[vite][22m[39m [31mhttp proxy error: /socket.io/?EIO=4&transport=polling&t=z7vgbhdi[39m
AggregateError [ECONNREFUSED]: 
    at internalConnectMultiple (node:net:1142:49)
    at afterConnectMultiple (node:net:1723:7)
[2m00:13:44[22m [31m[1m[vite][22m[39m [31mhttp proxy error: /socket.io/?EIO=4&transport=polling&t=z7x64581[39m
AggregateError [ECONNREFUSED]: 
    at internalConnectMultiple (node:net:1142:49)
    at afterConnectMultiple (node:net:1723:7)
[2m00:14:15[22m [31m[1m[vite][22m[39m [31mws proxy error:[39m
Error: read ECONNRESET
    at TCP.onStreamRead (node:internal/stream_base_commons:216:20)
[2m00:14:17[22m [31m[1m[vite][22m[39m [31mhttp proxy error: /socket.io/?EIO=4&transport=polling&t=z8mm23ee[39m
AggregateError [ECONNREFUSED]: 
    at internalConnectMultiple (node:net:1142:49)
    at afterConnectMultiple (node:net:1723:7)
[2m00:14:19[22m [31m[1m[vite][22m[39m [31mhttp proxy error: /socket.io/?EIO=4&transport=polling&t=z8o5v7ii[39m
AggregateError [ECONNREFUSED]: 
    at internalConnectMultiple (node:net:1142:49)
    at afterConnectMultiple (node:net:1723:7)
[2m00:14:54[22m [31m[1m[vite][22m[39m [31mws proxy error:[39m
Error: read ECONNRESET
    at TCP.onStreamRead (node:internal/stream_base_commons:216:20)
[2m00:14:55[22m [31m[1m[vite][22m[39m [31mhttp proxy error: /socket.io/?EIO=4&transport=polling&t=z9fy7z3u[39m
AggregateError [ECONNREFUSED]: 
    at internalConnectMultiple (node:net:1142:49)
    at afterConnectMultiple (node:net:1723:7)
[2m00:14:58[22m [31m[1m[vite][22m[39m [31mhttp proxy error: /socket.io/?EIO=4&transport=polling&t=z9i9avgf[39m
AggregateError [ECONNREFUSED]: 
    at internalConnectMultiple (node:net:1142:49)
    at afterConnectMultiple (node:net:1723:7)
[2m00:15:24[22m [31m[1m[vite][22m[39m [31mws proxy error:[39m
Error: read ECONNRESET
    at TCP.onStreamRead (node:internal/stream_base_commons:216:20)
[2m00:15:25[22m [31m[1m[vite][22m[39m [31mhttp proxy error: /socket.io/?EIO=4&transport=polling&t=za33ayzq[39m
AggregateError [ECONNREFUSED]: 
    at internalConnectMultiple (node:net:1142:49)
    at afterConnectMultiple (node:net:1723:7)
[2m00:15:28[22m [31m[1m[vite][22m[39m [31mhttp proxy error: /socket.io/?EIO=4&transport=polling&t=za5eeeyk[39m
AggregateError [ECONNREFUSED]: 
    at internalConnectMultiple (node:net:1142:49)
    at afterConnectMultiple (node:net:1723:7)
[2m00:15:58[22m [31m[1m[vite][22m[39m [31mws proxy error:[39m
Error: read ECONNRESET
    at TCP.onStreamRead (node:internal/stream_base_commons:216:20)
[2m00:15:59[22m [31m[1m[vite][22m[39m [31mhttp proxy error: /socket.io/?EIO=4&transport=polling&t=zatbt83e[39m
AggregateError [ECONNREFUSED]: 
    at internalConnectMultiple (node:net:1142:49)
    at afterConnectMultiple (node:net:1723:7)
[2m00:16:01[22m [31m[1m[vite][22m[39m [31mhttp proxy error: /socket.io/?EIO=4&transport=polling&t=zauv0gso[39m
AggregateError [ECONNREFUSED]: 
    at internalConnectMultiple (node:net:1142:49)
    at afterConnectMultiple (node:net:1723:7)
[2m00:16:31[22m [31m[1m[vite][22m[39m [31mws proxy error:[39m
Error: read ECONNRESET
    at TCP.onStreamRead (node:internal/stream_base_commons:216:20)
[2m00:16:33[22m [31m[1m[vite][22m[39m [31mhttp proxy error: /socket.io/?EIO=4&transport=polling&t=zbjk6xlq[39m
AggregateError [ECONNREFUSED]: 
    at internalConnectMultiple (node:net:1142:49)
    at afterConnectMultiple (node:net:1723:7)
[2m00:16:36[22m [31m[1m[vite][22m[39m [31mhttp proxy error: /socket.io/?EIO=4&transport=polling&t=zblvfr46[39m
AggregateError [ECONNREFUSED]: 
    at internalConnectMultiple (node:net:1142:49)
    at afterConnectMultiple (node:net:1723:7)
[2m00:16:49[22m [31m[1m[vite][22m[39m [31mws proxy error:[39m
Error: read ECONNRESET
    at TCP.onStreamRead (node:internal/stream_base_commons:216:20)
[2m00:16:50[22m [31m[1m[vite][22m[39m [31mhttp proxy error: /socket.io/?EIO=4&transport=polling&t=zbwoh0oh[39m
AggregateError [ECONNREFUSED]: 
    at internalConnectMultiple (node:net:1142:49)
    at afterConnectMultiple (node:net:1723:7)
[2m00:16:53[22m [31m[1m[vite][22m[39m [31mhttp proxy error: /socket.io/?EIO=4&transport=polling&t=zbyzra6p[39m
AggregateError [ECONNREFUSED]: 
    at internalConnectMultiple (node:net:1142:49)
    at afterConnectMultiple (node:net:1723:7)
[2m00:16:57[22m [31m[1m[vite][22m[39m [31mhttp proxy error: /socket.io/?EIO=4&transport=polling&t=zc22vsw1[39m
AggregateError [ECONNREFUSED]: 
    at internalConnectMultiple (node:net:1142:49)
    at afterConnectMultiple (node:net:1723:7)
[2m00:17:26[22m [31m[1m[vite][22m[39m [31mws proxy error:[39m
Error: read ECONNRESET
    at TCP.onStreamRead (node:internal/stream_base_commons:216:20)
[2m00:17:27[22m [31m[1m[vite][22m[39m [31mhttp proxy error: /socket.io/?EIO=4&transport=polling&t=zcp87vfq[39m
AggregateError [ECONNREFUSED]: 
    at internalConnectMultiple (node:net:1142:49)
    at afterConnectMultiple (node:net:1723:7)
[2m00:17:30[22m [31m[1m[vite][22m[39m [31mhttp proxy error: /socket.io/?EIO=4&transport=polling&t=zcrjzitb[39m
AggregateError [ECONNREFUSED]: 
    at internalConnectMultiple (node:net:1142:49)
    at afterConnectMultiple (node:net:1723:7)
[2m00:17:55[22m [31m[1m[vite][22m[39m [31mws proxy error:[39m
Error: read ECONNRESET
    at TCP.onStreamRead (node:internal/stream_base_commons:216:20)
[2m00:17:57[22m [31m[1m[vite][22m[39m [31mhttp proxy error: /socket.io/?EIO=4&transport=polling&t=zdcdetdu[39m
AggregateError [ECONNREFUSED]: 
    at internalConnectMultiple (node:net:1142:49)
    at afterConnectMultiple (node:net:1723:7)
[2m00:18:00[22m [31m[1m[vite][22m[39m [31mhttp proxy error: /socket.io/?EIO=4&transport=polling&t=zdeonq10[39m
AggregateError [ECONNREFUSED]: 
    at internalConnectMultiple (node:net:1142:49)
    at afterConnectMultiple (node:net:1723:7)
[2m00:18:26[22m [31m[1m[vite][22m[39m [31mws proxy error:[39m
Error: read ECONNRESET
    at TCP.onStreamRead (node:internal/stream_base_commons:216:20)
[2m00:18:28[22m [31m[1m[vite][22m[39m [31mhttp proxy error: /socket.io/?EIO=4&transport=polling&t=ze0acv8e[39m
AggregateError [ECONNREFUSED]: 
    at internalConnectMultiple (node:net:1142:49)
    at afterConnectMultiple (node:net:1723:7)
[2m00:18:30[22m [31m[1m[vite][22m[39m [31mhttp proxy error: /socket.io/?EIO=4&transport=polling&t=ze1tw5f4[39m
AggregateError [ECONNREFUSED]: 
    at internalConnectMultiple (node:net:1142:49)
    at afterConnectMultiple (node:net:1723:7)
[2m00:18:45[22m [31m[1m[vite][22m[39m [31mws proxy error:[39m
Error: read ECONNRESET
    at TCP.onStreamRead (node:internal/stream_base_commons:216:20)
[2m00:18:46[22m [31m[1m[vite][22m[39m [31mhttp proxy error: /socket.io/?EIO=4&transport=polling&t=zee6jk8p[39m
AggregateError [ECONNREFUSED]: 
    at internalConnectMultiple (node:net:1142:49)
    at afterConnectMultiple (node:net:1723:7)
[2m00:18:49[22m [31m[1m[vite][22m[39m [31mhttp proxy error: /socket.io/?EIO=4&transport=polling&t=zeghqtva[39m
AggregateError [ECONNREFUSED]: 
    at internalConnectMultiple (node:net:1142:49)
    at afterConnectMultiple (node:net:1723:7)
[2m00:20:50[22m [31m[1m[vite][22m[39m [31mws proxy error:[39m
Error: read ECONNRESET
    at TCP.onStreamRead (node:internal/stream_base_commons:216:20)
[2m00:20:51[22m [31m[1m[vite][22m[39m [31mhttp proxy error: /socket.io/?EIO=4&transport=polling&t=zh2mr95e[39m
AggregateError [ECONNREFUSED]: 
    at internalConnectMultiple (node:net:1142:49)
    at afterConnectMultiple (node:net:1723:7)
[2m00:20:54[22m [31m[1m[vite][22m[39m [31mhttp proxy error: /socket.io/?EIO=4&transport=polling&t=zh4ye2q3[39m
AggregateError [ECONNREFUSED]: 
    at internalConnectMultiple (node:net:1142:49)
    at afterConnectMultiple (node:net:1723:7)
[2m00:21:07[22m [31m[1m[vite][22m[39m [31mws proxy error:[39m
Error: read ECONNRESET
    at TCP.onStreamRead (node:internal/stream_base_commons:216:20)
[2m00:21:08[22m [31m[1m[vite][22m[39m [31mhttp proxy error: /socket.io/?EIO=4&transport=polling&t=zhfqqd5w[39m
AggregateError [ECONNREFUSED]: 
    at internalConnectMultiple (node:net:1142:49)
    at afterConnectMultiple (node:net:1723:7)
[2m00:21:11[22m [31m[1m[vite][22m[39m [31mhttp proxy error: /socket.io/?EIO=4&transport=polling&t=zhi2fe0u[39m
AggregateError [ECONNREFUSED]: 
    at internalConnectMultiple (node:net:1142:49)
    at afterConnectMultiple (node:net:1723:7)
[2m00:21:21[22m [31m[1m[vite][22m[39m [31mws proxy error:[39m
Error: read ECONNRESET
    at TCP.onStreamRead (node:internal/stream_base_commons:216:20)
[2m00:21:23[22m [31m[1m[vite][22m[39m [31mhttp proxy error: /socket.io/?EIO=4&transport=polling&t=zhrdfcvz[39m
AggregateError [ECONNREFUSED]: 
    at internalConnectMultiple (node:net:1142:49)
    at afterConnectMultiple (node:net:1723:7)
[2m00:21:25[22m [31m[1m[vite][22m[39m [31mhttp proxy error: /socket.io/?EIO=4&transport=polling&t=zhsv2meu[39m
AggregateError [ECONNREFUSED]: 
    at internalConnectMultiple (node:net:1142:49)
    at afterConnectMultiple (node:net:1723:7)
[2m00:21:57[22m [31m[1m[vite][22m[39m [31mws proxy error:[39m
Error: read ECONNRESET
    at TCP.onStreamRead (node:internal/stream_base_commons:216:20)
[2m00:21:58[22m [31m[1m[vite][22m[39m [31mhttp proxy error: /socket.io/?EIO=4&transport=polling&t=ziibudhy[39m
AggregateError [ECONNREFUSED]: 
    at internalConnectMultiple (node:net:1142:49)
    at afterConnectMultiple (node:net:1723:7)
[2m00:22:25[22m [31m[1m[vite][22m[39m [31mws proxy error:[39m
Error: read ECONNRESET
    at TCP.onStreamRead (node:internal/stream_base_commons:216:20)
[2m00:22:26[22m [31m[1m[vite][22m[39m [31mhttp proxy error: /socket.io/?EIO=4&transport=polling&t=zj3xqn7r[39m
AggregateError [ECONNREFUSED]: 
    at internalConnectMultiple (node:net:1142:49)
    at afterConnectMultiple (node:net:1723:7)
[2m00:23:07[22m [31m[1m[vite][22m[39m [31mws proxy error:[39m
Error: read ECONNRESET
    at TCP.onStreamRead (node:internal/stream_base_commons:216:20)
[2m00:23:09[22m [31m[1m[vite][22m[39m [31mhttp proxy error: /socket.io/?EIO=4&transport=polling&t=zk140vhq[39m
AggregateError [ECONNREFUSED]: 
    at internalConnectMultiple (node:net:1142:49)
    at afterConnectMultiple (node:net:1723:7)
[2m00:23:11[22m [31m[1m[vite][22m[39m [31mhttp proxy error: /socket.io/?EIO=4&transport=polling&t=zk2nszkv[39m
AggregateError [ECONNREFUSED]: 
    at internalConnectMultiple (node:net:1142:49)
    at afterConnectMultiple (node:net:1723:7)
[2m00:23:24[22m [31m[1m[vite][22m[39m [31mws proxy error:[39m
Error: read ECONNRESET
    at TCP.onStreamRead (node:internal/stream_base_commons:216:20)
[2m00:23:26[22m [31m[1m[vite][22m[39m [31mhttp proxy error: /socket.io/?EIO=4&transport=polling&t=zke8acfc[39m
AggregateError [ECONNREFUSED]: 
    at internalConnectMultiple (node:net:1142:49)
    at afterConnectMultiple (node:net:1723:7)
[2m00:23:29[22m [31m[1m[vite][22m[39m [31mhttp proxy error: /socket.io/?EIO=4&transport=polling&t=zkgjhotc[39m
AggregateError [ECONNREFUSED]: 
    at internalConnectMultiple (node:net:1142:49)
    at afterConnectMultiple (node:net:1723:7)
[2m00:23:42[22m [31m[1m[vite][22m[39m [31mws proxy error:[39m
Error: read ECONNRESET
    at TCP.onStreamRead (node:internal/stream_base_commons:216:20)
[2m00:23:44[22m [31m[1m[vite][22m[39m [31mhttp proxy error: /socket.io/?EIO=4&transport=polling&t=zks4a840[39m
AggregateError [ECONNREFUSED]: 
    at internalConnectMultiple (node:net:1142:49)
    at afterConnectMultiple (node:net:1723:7)
[2m00:23:46[22m [31m[1m[vite][22m[39m [31mhttp proxy error: /socket.io/?EIO=4&transport=polling&t=zkto2tcq[39m
AggregateError [ECONNREFUSED]: 
    at internalConnectMultiple (node:net:1142:49)
    at afterConnectMultiple (node:net:1723:7)
[2m00:29:23[22m [31m[1m[vite][22m[39m [31mws proxy error:[39m
Error: read ECONNRESET
    at TCP.onStreamRead (node:internal/stream_base_commons:216:20)
[2m00:29:24[22m [31m[1m[vite][22m[39m [31mhttp proxy error: /socket.io/?EIO=4&transport=polling&t=zs22584a[39m
AggregateError [ECONNREFUSED]: 
    at internalConnectMultiple (node:net:1142:49)
    at afterConnectMultiple (node:net:1723:7)
[2m00:29:25[22m [31m[1m[vite][22m[39m [31mhttp proxy error: /socket.io/?EIO=4&transport=polling&t=zs3a0rv7[39m
AggregateError [ECONNREFUSED]: 
    at internalConnectMultiple (node:net:1142:49)
    at afterConnectMultiple (node:net:1723:7)
[2m00:29:54[22m [31m[1m[vite][22m[39m [31mws proxy error:[39m
Error: read ECONNRESET
    at TCP.onStreamRead (node:internal/stream_base_commons:216:20)
[2m00:29:54[22m [31m[1m[vite][22m[39m [31mhttp proxy error: /socket.io/?EIO=4&transport=polling&t=zsplcng7[39m
AggregateError [ECONNREFUSED]: 
    at internalConnectMultiple (node:net:1142:49)
    at afterConnectMultiple (node:net:1723:7)
[2m00:29:56[22m [31m[1m[vite][22m[39m [31mhttp proxy error: /socket.io/?EIO=4&transport=polling&t=zsqvw4zj[39m
AggregateError [ECONNREFUSED]: 
    at internalConnectMultiple (node:net:1142:49)
    at afterConnectMultiple (node:net:1723:7)
[2m00:38:05[22m [31m[1m[vite][22m[39m [31mws proxy error:[39m
Error: read ECONNRESET
    at TCP.onStreamRead (node:internal/stream_base_commons:216:20)
[2m00:38:07[22m [31m[1m[vite][22m[39m [31mhttp proxy error: /socket.io/?EIO=4&transport=polling&t=03a0lggc[39m
AggregateError [ECONNREFUSED]: 
    at internalConnectMultiple (node:net:1142:49)
    at afterConnectMultiple (node:net:1723:7)
[2m00:38:09[22m [31m[1m[vite][22m[39m [31mhttp proxy error: /socket.io/?EIO=4&transport=polling&t=03bjybbz[39m
AggregateError [ECONNREFUSED]: 
    at internalConnectMultiple (node:net:1142:49)
    at afterConnectMultiple (node:net:1723:7)
[2m01:41:57[22m [31m[1m[vite][22m[39m [31mws proxy error:[39m
Error: read ECONNRESET
    at TCP.onStreamRead (node:internal/stream_base_commons:216:20)
[2m01:41:59[22m [31m[1m[vite][22m[39m [31mhttp proxy error: /socket.io/?EIO=4&transport=polling&t=2dekx8je[39m
AggregateError [ECONNREFUSED]: 
    at internalConnectMultiple (node:net:1142:49)
    at afterConnectMultiple (node:net:1723:7)
[2m01:42:02[22m [31m[1m[vite][22m[39m [31mhttp proxy error: /socket.io/?EIO=4&transport=polling&t=2dgwfhe4[39m
AggregateError [ECONNREFUSED]: 
    at internalConnectMultiple (node:net:1142:49)
    at afterConnectMultiple (node:net:1723:7)
[2m13:57:54[22m [31m[1m[vite][22m[39m [31mws proxy error:[39m
Error: read ECONNRESET
    at TCP.onStreamRead (node:internal/stream_base_commons:216:20)
[2m13:57:56[22m [31m[1m[vite][22m[39m [31mhttp proxy error: /socket.io/?EIO=4&transport=polling&t=snu9gymo[39m
AggregateError [ECONNREFUSED]: 
    at internalConnectMultiple (node:net:1142:49)
    at afterConnectMultiple (node:net:1723:7)
[2m13:57:58[22m [31m[1m[vite][22m[39m [31mhttp proxy error: /socket.io/?EIO=4&transport=polling&t=snvt4wp6[39m
AggregateError [ECONNREFUSED]: 
    at internalConnectMultiple (node:net:1142:49)
    at afterConnectMultiple (node:net:1723:7)
[2m13:58:02[22m [31m[1m[vite][22m[39m [31mhttp proxy error: /socket.io/?EIO=4&transport=polling&t=snyw4ho2[39m
AggregateError [ECONNREFUSED]: 
    at internalConnectMultiple (node:net:1142:49)
    at afterConnectMultiple (node:net:1723:7)
[2m13:58:49[22m [31m[1m[vite][22m[39m [31mws proxy error:[39m
Error: read ECONNRESET
    at TCP.onStreamRead (node:internal/stream_base_commons:216:20)
[2m13:58:51[22m [31m[1m[vite][22m[39m [31mhttp proxy error: /socket.io/?EIO=4&transport=polling&t=sp0p43sy[39m
AggregateError [ECONNREFUSED]: 
    at internalConnectMultiple (node:net:1142:49)
    at afterConnectMultiple (node:net:1723:7)
[2m13:58:53[22m [31m[1m[vite][22m[39m [31mhttp proxy error: /socket.io/?EIO=4&transport=polling&t=sp28livc[39m
AggregateError [ECONNREFUSED]: 
    at internalConnectMultiple (node:net:1142:49)
    at afterConnectMultiple (node:net:1723:7)
[2m13:59:03[22m [31m[1m[vite][22m[39m [31mws proxy error:[39m
Error: read ECONNRESET
    at TCP.onStreamRead (node:internal/stream_base_commons:216:20)
[2m13:59:05[22m [31m[1m[vite][22m[39m [31mhttp proxy error: /socket.io/?EIO=4&transport=polling&t=spbi0bkm[39m
AggregateError [ECONNREFUSED]: 
    at internalConnectMultiple (node:net:1142:49)
    at afterConnectMultiple (node:net:1723:7)
[2m13:59:13[22m [31m[1m[vite][22m[39m [31mws proxy error:[39m
Error: read ECONNRESET
    at TCP.onStreamRead (node:internal/stream_base_commons:216:20)
[2m13:59:15[22m [31m[1m[vite][22m[39m [31mhttp proxy error: /socket.io/?EIO=4&transport=polling&t=spja0q9r[39m
AggregateError [ECONNREFUSED]: 
    at internalConnectMultiple (node:net:1142:49)
    at afterConnectMultiple (node:net:1723:7)
[2m13:59:18[22m [31m[1m[vite][22m[39m [31mhttp proxy error: /socket.io/?EIO=4&transport=polling&t=spljd8s0[39m
AggregateError [ECONNREFUSED]: 
    at internalConnectMultiple (node:net:1142:49)
    at afterConnectMultiple (node:net:1723:7)
[2m13:59:22[22m [31m[1m[vite][22m[39m [31mhttp proxy error: /socket.io/?EIO=4&transport=polling&t=spomfbo9[39m
AggregateError [ECONNREFUSED]: 
    at internalConnectMultiple (node:net:1142:49)
    at afterConnectMultiple (node:net:1723:7)
[2m13:59:44[22m [31m[1m[vite][22m[39m [31mws proxy error:[39m
Error: read ECONNRESET
    at TCP.onStreamRead (node:internal/stream_base_commons:216:20)
[2m13:59:46[22m [31m[1m[vite][22m[39m [31mhttp proxy error: /socket.io/?EIO=4&transport=polling&t=sq74xf7j[39m
AggregateError [ECONNREFUSED]: 
    at internalConnectMultiple (node:net:1142:49)
    at afterConnectMultiple (node:net:1723:7)
[2m13:59:49[22m [31m[1m[vite][22m[39m [31mhttp proxy error: /socket.io/?EIO=4&transport=polling&t=sq9g57ct[39m
AggregateError [ECONNREFUSED]: 
    at internalConnectMultiple (node:net:1142:49)
    at afterConnectMultiple (node:net:1723:7)
[2m14:00:11[22m [31m[1m[vite][22m[39m [31mws proxy error:[39m
Error: read ECONNRESET
    at TCP.onStreamRead (node:internal/stream_base_commons:216:20)
[2m14:00:13[22m [31m[1m[vite][22m[39m [31mhttp proxy error: /socket.io/?EIO=4&transport=polling&t=sqrysbpb[39m
AggregateError [ECONNREFUSED]: 
    at internalConnectMultiple (node:net:1142:49)
    at afterConnectMultiple (node:net:1723:7)
[2m14:00:15[22m [31m[1m[vite][22m[39m [31mhttp proxy error: /socket.io/?EIO=4&transport=polling&t=sqtjfgl6[39m
AggregateError [ECONNREFUSED]: 
    at internalConnectMultiple (node:net:1142:49)
    at afterConnectMultiple (node:net:1723:7)
[2m14:00:56[22m [31m[1m[vite][22m[39m [31mws proxy error:[39m
Error: read ECONNRESET
    at TCP.onStreamRead (node:internal/stream_base_commons:216:20)
[2m14:00:57[22m [31m[1m[vite][22m[39m [31mhttp proxy error: /socket.io/?EIO=4&transport=polling&t=srpx7lws[39m
AggregateError [ECONNREFUSED]: 
    at internalConnectMultiple (node:net:1142:49)
    at afterConnectMultiple (node:net:1723:7)
[2m14:00:59[22m [31m[1m[vite][22m[39m [31mhttp proxy error: /socket.io/?EIO=4&transport=polling&t=srrgx1wj[39m
AggregateError [ECONNREFUSED]: 
    at internalConnectMultiple (node:net:1142:49)
    at afterConnectMultiple (node:net:1723:7)
[2m14:02:23[22m [31m[1m[vite][22m[39m [31mInternal server error: Failed to resolve import "./pages/CerebrumOracle" from "src/App.jsx". Does the file exist?[39m
  Plugin: [35mvite:import-analysis[39m
  File: [36mC:/Users/anass/OneDrive/Bureau/cios_updtaed/frontend/src/App.jsx[39m:60:41
[33m  123|  const ProjectCortex = lazy(_c97 = () => import("./pages/ProjectCortex"));
  124|  _c98 = ProjectCortex;
  125|  const CerebrumOracle = lazy(_c99 = () => import("./pages/CerebrumOracle"));
     |                                                  ^
  126|  _c100 = CerebrumOracle;
  127|  const CerebrumMemory = lazy(_c101 = () => import("./pages/CerebrumMemory"));[39m
      at TransformPluginContext._formatError (file:///C:/Users/anass/OneDrive/Bureau/cios_updtaed/frontend/node_modules/vite/dist/node/chunks/dep-BK3b2jBa.js:49258:41)
      at TransformPluginContext.error (file:///C:/Users/anass/OneDrive/Bureau/cios_updtaed/frontend/node_modules/vite/dist/node/chunks/dep-BK3b2jBa.js:49253:16)
      at normalizeUrl (file:///C:/Users/anass/OneDrive/Bureau/cios_updtaed/frontend/node_modules/vite/dist/node/chunks/dep-BK3b2jBa.js:64307:23)
      at process.processTicksAndRejections (node:internal/process/task_queues:104:5)
      at async file:///C:/Users/anass/OneDrive/Bureau/cios_updtaed/frontend/node_modules/vite/dist/node/chunks/dep-BK3b2jBa.js:64439:39
      at async Promise.all (index 61)
      at async TransformPluginContext.transform (file:///C:/Users/anass/OneDrive/Bureau/cios_updtaed/frontend/node_modules/vite/dist/node/chunks/dep-BK3b2jBa.js:64366:7)
      at async PluginContainer.transform (file:///C:/Users/anass/OneDrive/Bureau/cios_updtaed/frontend/node_modules/vite/dist/node/chunks/dep-BK3b2jBa.js:49099:18)
      at async loadAndTransform (file:///C:/Users/anass/OneDrive/Bureau/cios_updtaed/frontend/node_modules/vite/dist/node/chunks/dep-BK3b2jBa.js:51978:27)
      at async viteTransformMiddleware (file:///C:/Users/anass/OneDrive/Bureau/cios_updtaed/frontend/node_modules/vite/dist/node/chunks/dep-BK3b2jBa.js:62106:24)
[2m14:02:39[22m [31m[1m[vite][22m[39m Pre-transform error: Failed to resolve import "./pages/CerebrumOracle" from "src/App.jsx". Does the file exist?
[2m14:02:40[22m [31m[1m[vite][22m[39m [31mInternal server error: Failed to resolve import "./pages/CerebrumOracle" from "src/App.jsx". Does the file exist?[39m
  Plugin: [35mvite:import-analysis[39m
  File: [36mC:/Users/anass/OneDrive/Bureau/cios_updtaed/frontend/src/App.jsx[39m:60:41
[33m  123|  const ProjectCortex = lazy(_c97 = () => import("./pages/ProjectCortex"));
  124|  _c98 = ProjectCortex;
  125|  const CerebrumOracle = lazy(_c99 = () => import("./pages/CerebrumOracle"));
     |                                                  ^
  126|  _c100 = CerebrumOracle;
  127|  const CerebrumMemory = lazy(_c101 = () => import("./pages/CerebrumMemory"));[39m
      at TransformPluginContext._formatError (file:///C:/Users/anass/OneDrive/Bureau/cios_updtaed/frontend/node_modules/vite/dist/node/chunks/dep-BK3b2jBa.js:49258:41)
      at TransformPluginContext.error (file:///C:/Users/anass/OneDrive/Bureau/cios_updtaed/frontend/node_modules/vite/dist/node/chunks/dep-BK3b2jBa.js:49253:16)
      at normalizeUrl (file:///C:/Users/anass/OneDrive/Bureau/cios_updtaed/frontend/node_modules/vite/dist/node/chunks/dep-BK3b2jBa.js:64307:23)
      at process.processTicksAndRejections (node:internal/process/task_queues:104:5)
      at async file:///C:/Users/anass/OneDrive/Bureau/cios_updtaed/frontend/node_modules/vite/dist/node/chunks/dep-BK3b2jBa.js:64439:39
      at async Promise.all (index 61)
      at async TransformPluginContext.transform (file:///C:/Users/anass/OneDrive/Bureau/cios_updtaed/frontend/node_modules/vite/dist/node/chunks/dep-BK3b2jBa.js:64366:7)
      at async PluginContainer.transform (file:///C:/Users/anass/OneDrive/Bureau/cios_updtaed/frontend/node_modules/vite/dist/node/chunks/dep-BK3b2jBa.js:49099:18)
      at async loadAndTransform (file:///C:/Users/anass/OneDrive/Bureau/cios_updtaed/frontend/node_modules/vite/dist/node/chunks/dep-BK3b2jBa.js:51978:27)
      at async viteTransformMiddleware (file:///C:/Users/anass/OneDrive/Bureau/cios_updtaed/frontend/node_modules/vite/dist/node/chunks/dep-BK3b2jBa.js:62106:24)
[2m14:03:20[22m [31m[1m[vite][22m[39m Pre-transform error: Failed to resolve import "./pages/CerebrumMemory" from "src/App.jsx". Does the file exist?
[2m14:03:21[22m [31m[1m[vite][22m[39m [31mInternal server error: Failed to resolve import "./pages/CerebrumMemory" from "src/App.jsx". Does the file exist?[39m
  Plugin: [35mvite:import-analysis[39m
  File: [36mC:/Users/anass/OneDrive/Bureau/cios_updtaed/frontend/src/App.jsx[39m:61:41
[33m  125|  const CerebrumOracle = lazy(_c99 = () => import("./pages/CerebrumOracle"));
  126|  _c100 = CerebrumOracle;
  127|  const CerebrumMemory = lazy(_c101 = () => import("./pages/CerebrumMemory"));
     |                                                   ^
  128|  _c102 = CerebrumMemory;
  129|  const CerebrumStrategy = lazy(_c103 = () => import("./pages/CerebrumStrategy"));[39m
      at TransformPluginContext._formatError (file:///C:/Users/anass/OneDrive/Bureau/cios_updtaed/frontend/node_modules/vite/dist/node/chunks/dep-BK3b2jBa.js:49258:41)
      at TransformPluginContext.error (file:///C:/Users/anass/OneDrive/Bureau/cios_updtaed/frontend/node_modules/vite/dist/node/chunks/dep-BK3b2jBa.js:49253:16)
      at normalizeUrl (file:///C:/Users/anass/OneDrive/Bureau/cios_updtaed/frontend/node_modules/vite/dist/node/chunks/dep-BK3b2jBa.js:64307:23)
      at process.processTicksAndRejections (node:internal/process/task_queues:104:5)
      at async file:///C:/Users/anass/OneDrive/Bureau/cios_updtaed/frontend/node_modules/vite/dist/node/chunks/dep-BK3b2jBa.js:64439:39
      at async Promise.all (index 62)
      at async TransformPluginContext.transform (file:///C:/Users/anass/OneDrive/Bureau/cios_updtaed/frontend/node_modules/vite/dist/node/chunks/dep-BK3b2jBa.js:64366:7)
      at async PluginContainer.transform (file:///C:/Users/anass/OneDrive/Bureau/cios_updtaed/frontend/node_modules/vite/dist/node/chunks/dep-BK3b2jBa.js:49099:18)
      at async loadAndTransform (file:///C:/Users/anass/OneDrive/Bureau/cios_updtaed/frontend/node_modules/vite/dist/node/chunks/dep-BK3b2jBa.js:51978:27)
      at async viteTransformMiddleware (file:///C:/Users/anass/OneDrive/Bureau/cios_updtaed/frontend/node_modules/vite/dist/node/chunks/dep-BK3b2jBa.js:62106:24)
[2m14:03:34[22m [31m[1m[vite][22m[39m Pre-transform error: Failed to resolve import "./pages/CerebrumStrategy" from "src/App.jsx". Does the file exist?
[2m14:03:34[22m [31m[1m[vite][22m[39m [31mInternal server error: Failed to resolve import "./pages/CerebrumStrategy" from "src/App.jsx". Does the file exist?[39m
  Plugin: [35mvite:import-analysis[39m
  File: [36mC:/Users/anass/OneDrive/Bureau/cios_updtaed/frontend/src/App.jsx[39m:62:43
[33m  127|  const CerebrumMemory = lazy(_c101 = () => import("./pages/CerebrumMemory"));
  128|  _c102 = CerebrumMemory;
  129|  const CerebrumStrategy = lazy(_c103 = () => import("./pages/CerebrumStrategy"));
     |                                                     ^
  130|  _c104 = CerebrumStrategy;
  131|  const CerebrumGalaxy = lazy(_c105 = () => import("./pages/CerebrumGalaxy"));[39m
      at TransformPluginContext._formatError (file:///C:/Users/anass/OneDrive/Bureau/cios_updtaed/frontend/node_modules/vite/dist/node/chunks/dep-BK3b2jBa.js:49258:41)
      at TransformPluginContext.error (file:///C:/Users/anass/OneDrive/Bureau/cios_updtaed/frontend/node_modules/vite/dist/node/chunks/dep-BK3b2jBa.js:49253:16)
      at normalizeUrl (file:///C:/Users/anass/OneDrive/Bureau/cios_updtaed/frontend/node_modules/vite/dist/node/chunks/dep-BK3b2jBa.js:64307:23)
      at process.processTicksAndRejections (node:internal/process/task_queues:104:5)
      at async file:///C:/Users/anass/OneDrive/Bureau/cios_updtaed/frontend/node_modules/vite/dist/node/chunks/dep-BK3b2jBa.js:64439:39
      at async Promise.all (index 63)
      at async TransformPluginContext.transform (file:///C:/Users/anass/OneDrive/Bureau/cios_updtaed/frontend/node_modules/vite/dist/node/chunks/dep-BK3b2jBa.js:64366:7)
      at async PluginContainer.transform (file:///C:/Users/anass/OneDrive/Bureau/cios_updtaed/frontend/node_modules/vite/dist/node/chunks/dep-BK3b2jBa.js:49099:18)
      at async loadAndTransform (file:///C:/Users/anass/OneDrive/Bureau/cios_updtaed/frontend/node_modules/vite/dist/node/chunks/dep-BK3b2jBa.js:51978:27)
      at async viteTransformMiddleware (file:///C:/Users/anass/OneDrive/Bureau/cios_updtaed/frontend/node_modules/vite/dist/node/chunks/dep-BK3b2jBa.js:62106:24)
[2m14:04:05[22m [31m[1m[vite][22m[39m Pre-transform error: Failed to resolve import "./pages/CerebrumGalaxy" from "src/App.jsx". Does the file exist?
[2m14:04:05[22m [31m[1m[vite][22m[39m [31mInternal server error: Failed to resolve import "./pages/CerebrumGalaxy" from "src/App.jsx". Does the file exist?[39m
  Plugin: [35mvite:import-analysis[39m
  File: [36mC:/Users/anass/OneDrive/Bureau/cios_updtaed/frontend/src/App.jsx[39m:63:41
[33m  129|  const CerebrumStrategy = lazy(_c103 = () => import("./pages/CerebrumStrategy"));
  130|  _c104 = CerebrumStrategy;
  131|  const CerebrumGalaxy = lazy(_c105 = () => import("./pages/CerebrumGalaxy"));
     |                                                   ^
  132|  _c106 = CerebrumGalaxy;
  133|  const SuperAdminDashboard = lazy(_c107 = () => import("./pages/super-admin/Dashboard"));[39m
      at TransformPluginContext._formatError (file:///C:/Users/anass/OneDrive/Bureau/cios_updtaed/frontend/node_modules/vite/dist/node/chunks/dep-BK3b2jBa.js:49258:41)
      at TransformPluginContext.error (file:///C:/Users/anass/OneDrive/Bureau/cios_updtaed/frontend/node_modules/vite/dist/node/chunks/dep-BK3b2jBa.js:49253:16)
      at normalizeUrl (file:///C:/Users/anass/OneDrive/Bureau/cios_updtaed/frontend/node_modules/vite/dist/node/chunks/dep-BK3b2jBa.js:64307:23)
      at process.processTicksAndRejections (node:internal/process/task_queues:104:5)
      at async file:///C:/Users/anass/OneDrive/Bureau/cios_updtaed/frontend/node_modules/vite/dist/node/chunks/dep-BK3b2jBa.js:64439:39
      at async Promise.all (index 64)
      at async TransformPluginContext.transform (file:///C:/Users/anass/OneDrive/Bureau/cios_updtaed/frontend/node_modules/vite/dist/node/chunks/dep-BK3b2jBa.js:64366:7)
      at async PluginContainer.transform (file:///C:/Users/anass/OneDrive/Bureau/cios_updtaed/frontend/node_modules/vite/dist/node/chunks/dep-BK3b2jBa.js:49099:18)
      at async loadAndTransform (file:///C:/Users/anass/OneDrive/Bureau/cios_updtaed/frontend/node_modules/vite/dist/node/chunks/dep-BK3b2jBa.js:51978:27)
      at async viteTransformMiddleware (file:///C:/Users/anass/OneDrive/Bureau/cios_updtaed/frontend/node_modules/vite/dist/node/chunks/dep-BK3b2jBa.js:62106:24)
